<?xml version="1.0" encoding="UTF-8"?>
<!-- Generated by org.testng.reporters.JUnitXMLReporter -->
<testsuite ignored="0" hostname="DESKTOP-PS0IG1O" failures="0" tests="3" name="Default test" time="0.059" errors="0" timestamp="2021-10-26T14:55:02 IST">
  <testcase classname="mpack.TestNGDemo" name="testRegistration" time="0.004"/>
  <testcase classname="mpack.TestNGDemo" name="testLogin" time="0.002"/>
  <testcase classname="mpack.TestNGDemo" name="testHomePage" time="0.002"/>
</testsuite> <!-- Default test -->
