<?xml version="1.0" encoding="UTF-8"?>
<!-- Generated by org.testng.reporters.JUnitXMLReporter -->
<testsuite ignored="0" hostname="DESKTOP-PS0IG1O" failures="1" tests="4" name="Test" time="0.053" errors="0" timestamp="2021-10-26T15:35:00 IST">
  <testcase classname="mpack.TestNGDemo" name="testRegistration" time="0.005"/>
  <testcase classname="mpack.TestNGDemo" name="testLogin" time="0.001"/>
  <testcase classname="mpack.TestNGDemo" name="testHomePage" time="0.001"/>
  <testcase classname="database.ConnectMySQL" name="testDB" time="0.002">
    <failure type="java.lang.ClassNotFoundException" message="com.mysql.jdbc.Driver">
      <![CDATA[java.lang.ClassNotFoundException: com.mysql.jdbc.Driver
at java.base/jdk.internal.loader.BuiltinClassLoader.loadClass(BuiltinClassLoader.java:636)
at java.base/jdk.internal.loader.ClassLoaders$AppClassLoader.loadClass(ClassLoaders.java:182)
at java.base/java.lang.ClassLoader.loadClass(ClassLoader.java:519)
at java.base/java.lang.Class.forName0(Native Method)
at java.base/java.lang.Class.forName(Class.java:375)
at database.ConnectMySQL.testDB(ConnectMySQL.java:16)
at java.base/java.util.ArrayList.forEach(ArrayList.java:1511)
... Removed 27 stack frames]]>
    </failure>
  </testcase> <!-- testDB -->
</testsuite> <!-- Test -->
