<?xml version="1.0" encoding="UTF-8"?>
<testng-results ignored="0" total="4" passed="3" failed="1" skipped="0">
  <reporter-output>
  </reporter-output>
  <suite started-at="2021-10-26T15:34:59 IST" name="Suite" finished-at="2021-10-26T15:35:00 IST" duration-ms="53">
    <groups>
    </groups>
    <test started-at="2021-10-26T15:34:59 IST" name="Test" finished-at="2021-10-26T15:35:00 IST" duration-ms="53">
      <class name="database.ConnectMySQL">
        <test-method signature="testDB()[pri:0, instance:database.ConnectMySQL@10feca44]" started-at="2021-10-26T15:34:59 IST" name="testDB" finished-at="2021-10-26T15:35:00 IST" duration-ms="2" status="FAIL">
          <exception class="java.lang.ClassNotFoundException">
            <message>
              <![CDATA[com.mysql.jdbc.Driver]]>
            </message>
            <full-stacktrace>
              <![CDATA[java.lang.ClassNotFoundException: com.mysql.jdbc.Driver
at java.base/jdk.internal.loader.BuiltinClassLoader.loadClass(BuiltinClassLoader.java:636)
at java.base/jdk.internal.loader.ClassLoaders$AppClassLoader.loadClass(ClassLoaders.java:182)
at java.base/java.lang.ClassLoader.loadClass(ClassLoader.java:519)
at java.base/java.lang.Class.forName0(Native Method)
at java.base/java.lang.Class.forName(Class.java:375)
at database.ConnectMySQL.testDB(ConnectMySQL.java:16)
at java.base/jdk.internal.reflect.NativeMethodAccessorImpl.invoke0(Native Method)
at java.base/jdk.internal.reflect.NativeMethodAccessorImpl.invoke(NativeMethodAccessorImpl.java:78)
at java.base/jdk.internal.reflect.DelegatingMethodAccessorImpl.invoke(DelegatingMethodAccessorImpl.java:43)
at java.base/java.lang.reflect.Method.invoke(Method.java:567)
at org.testng.internal.MethodInvocationHelper.invokeMethod(MethodInvocationHelper.java:133)
at org.testng.internal.TestInvoker.invokeMethod(TestInvoker.java:598)
at org.testng.internal.TestInvoker.invokeTestMethod(TestInvoker.java:173)
at org.testng.internal.MethodRunner.runInSequence(MethodRunner.java:46)
at org.testng.internal.TestInvoker$MethodInvocationAgent.invoke(TestInvoker.java:824)
at org.testng.internal.TestInvoker.invokeTestMethods(TestInvoker.java:146)
at org.testng.internal.TestMethodWorker.invokeTestMethods(TestMethodWorker.java:146)
at org.testng.internal.TestMethodWorker.run(TestMethodWorker.java:128)
at java.base/java.util.ArrayList.forEach(ArrayList.java:1511)
at org.testng.TestRunner.privateRun(TestRunner.java:794)
at org.testng.TestRunner.run(TestRunner.java:596)
at org.testng.SuiteRunner.runTest(SuiteRunner.java:377)
at org.testng.SuiteRunner.runSequentially(SuiteRunner.java:371)
at org.testng.SuiteRunner.privateRun(SuiteRunner.java:332)
at org.testng.SuiteRunner.run(SuiteRunner.java:276)
at org.testng.SuiteRunnerWorker.runSuite(SuiteRunnerWorker.java:53)
at org.testng.SuiteRunnerWorker.run(SuiteRunnerWorker.java:96)
at org.testng.TestNG.runSuitesSequentially(TestNG.java:1212)
at org.testng.TestNG.runSuitesLocally(TestNG.java:1134)
at org.testng.TestNG.runSuites(TestNG.java:1063)
at org.testng.TestNG.run(TestNG.java:1031)
at org.testng.remote.AbstractRemoteTestNG.run(AbstractRemoteTestNG.java:115)
at org.testng.remote.RemoteTestNG.initAndRun(RemoteTestNG.java:251)
at org.testng.remote.RemoteTestNG.main(RemoteTestNG.java:77)
]]>
            </full-stacktrace>
          </exception> <!-- java.lang.ClassNotFoundException -->
          <reporter-output>
          </reporter-output>
        </test-method> <!-- testDB -->
      </class> <!-- database.ConnectMySQL -->
      <class name="mpack.TestNGDemo">
        <test-method is-config="true" signature="openApplication()[pri:0, instance:mpack.TestNGDemo@67080771]" started-at="2021-10-26T15:34:59 IST" name="openApplication" finished-at="2021-10-26T15:34:59 IST" duration-ms="3" status="PASS">
          <reporter-output>
          </reporter-output>
        </test-method> <!-- openApplication -->
        <test-method signature="testRegistration()[pri:1, instance:mpack.TestNGDemo@67080771]" started-at="2021-10-26T15:34:59 IST" name="testRegistration" finished-at="2021-10-26T15:34:59 IST" duration-ms="5" status="PASS">
          <reporter-output>
          </reporter-output>
        </test-method> <!-- testRegistration -->
        <test-method signature="testLogin()[pri:2, instance:mpack.TestNGDemo@67080771]" started-at="2021-10-26T15:34:59 IST" name="testLogin" finished-at="2021-10-26T15:34:59 IST" duration-ms="1" status="PASS">
          <reporter-output>
          </reporter-output>
        </test-method> <!-- testLogin -->
        <test-method is-config="true" signature="openApplication()[pri:0, instance:mpack.TestNGDemo@67080771]" started-at="2021-10-26T15:34:59 IST" name="openApplication" finished-at="2021-10-26T15:34:59 IST" duration-ms="0" status="PASS">
          <reporter-output>
          </reporter-output>
        </test-method> <!-- openApplication -->
        <test-method is-config="true" signature="openApplication()[pri:0, instance:mpack.TestNGDemo@67080771]" started-at="2021-10-26T15:34:59 IST" name="openApplication" finished-at="2021-10-26T15:34:59 IST" duration-ms="1" status="PASS">
          <reporter-output>
          </reporter-output>
        </test-method> <!-- openApplication -->
        <test-method signature="testHomePage()[pri:3, instance:mpack.TestNGDemo@67080771]" started-at="2021-10-26T15:34:59 IST" name="testHomePage" finished-at="2021-10-26T15:34:59 IST" duration-ms="1" status="PASS">
          <reporter-output>
          </reporter-output>
        </test-method> <!-- testHomePage -->
      </class> <!-- mpack.TestNGDemo -->
    </test> <!-- Test -->
  </suite> <!-- Suite -->
</testng-results>
